{"level":"info","message":"Running on Node.js - Version 20.18.3","timestamp":"2025-10-18 22:01:15"}
{"level":"info","message":"Foundry Virtual Tabletop - Version 13 Build 350","timestamp":"2025-10-18 22:01:15"}
{"level":"info","message":"User Data Directory - \"C:/Users/gamef/AppData/Local/FoundryVTT/Data/systems/foundry-pillar-system\"","timestamp":"2025-10-18 22:01:15"}
{"level":"info","message":"Application Options:\n{\n  \"compressStatic\": true,\n  \"fullscreen\": false,\n  \"hostname\": null,\n  \"language\": \"en.core\",\n  \"localHostname\": null,\n  \"port\": 30000,\n  \"proxyPort\": null,\n  \"proxySSL\": false,\n  \"routePrefix\": null,\n  \"updateChannel\": \"stable\",\n  \"upnp\": true,\n  \"awsConfig\": null,\n  \"compressSocket\": true,\n  \"cssTheme\": \"dark\",\n  \"deleteNEDB\": false,\n  \"hotReload\": false,\n  \"passwordSalt\": null,\n  \"sslCert\": null,\n  \"sslKey\": null,\n  \"world\": null,\n  \"serviceConfig\": null,\n  \"telemetry\": true,\n  \"adminPassword\": null,\n  \"noBackups\": false\n}","timestamp":"2025-10-18 22:01:15"}
{"level":"info","message":"Software license verification succeeded","timestamp":"2025-10-18 22:01:15"}
{"level":"info","message":"Requesting UPnP port forwarding to destination port 30000","timestamp":"2025-10-18 22:01:15"}
{"level":"info","message":"Running Electron application with version 34.4.0 using Chromium 132.0.6834.210","timestamp":"2025-10-18 22:01:15"}
{"level":"info","message":"Server started and listening on port 30000","timestamp":"2025-10-18 22:01:15"}
{"level":"info","message":"Created client session 36edaf55bda851229310ef06","timestamp":"2025-10-18 22:01:16"}
{"level":"info","message":"Saved application configuration options to C:/Users/gamef/AppData/Local/FoundryVTT/Config/options.json","timestamp":"2025-10-18 22:06:06"}
{"level":"info","message":"Saved application configuration options to C:\\Users\\gamef\\AppData\\Local\\FoundryVTT\\Data\\systems\\foundry-pillar-system\\Config\\options.json","timestamp":"2025-10-18 22:06:06"}
{"level":"info","message":"Shutting down Foundry Virtual Tabletop server","timestamp":"2025-10-18 22:06:09"}
{"level":"info","message":"Shut-down success. Goodbye!","timestamp":"2025-10-18 22:06:09"}
{"level":"info","message":"Running on Node.js - Version 20.18.3","timestamp":"2025-10-18 22:06:12"}
{"level":"info","message":"Foundry Virtual Tabletop - Version 13 Build 350","timestamp":"2025-10-18 22:06:12"}
{"level":"info","message":"User Data Directory - \"C:/Users/gamef/AppData/Local/FoundryVTT/Data/systems/foundry-pillar-system/\"","timestamp":"2025-10-18 22:06:12"}
{"level":"info","message":"Application Options:\n{\n  \"compressStatic\": true,\n  \"fullscreen\": false,\n  \"hostname\": null,\n  \"language\": \"en.core\",\n  \"localHostname\": null,\n  \"port\": 30000,\n  \"proxyPort\": null,\n  \"proxySSL\": false,\n  \"routePrefix\": null,\n  \"updateChannel\": \"stable\",\n  \"upnp\": true,\n  \"awsConfig\": null,\n  \"compressSocket\": true,\n  \"cssTheme\": \"dark\",\n  \"deleteNEDB\": false,\n  \"hotReload\": false,\n  \"passwordSalt\": null,\n  \"sslCert\": null,\n  \"sslKey\": null,\n  \"world\": null,\n  \"serviceConfig\": null,\n  \"telemetry\": true,\n  \"adminPassword\": null,\n  \"noBackups\": false\n}","timestamp":"2025-10-18 22:06:12"}
{"level":"info","message":"Software license verification succeeded","timestamp":"2025-10-18 22:06:12"}
{"level":"info","message":"Requesting UPnP port forwarding to destination port 30000","timestamp":"2025-10-18 22:06:12"}
{"level":"info","message":"Running Electron application with version 34.4.0 using Chromium 132.0.6834.210","timestamp":"2025-10-18 22:06:12"}
{"level":"info","message":"Server started and listening on port 30000","timestamp":"2025-10-18 22:06:12"}
{"level":"info","message":"Created client session f834174ee5dfe2f7f1469467","timestamp":"2025-10-18 22:06:12"}
{"level":"info","message":"Saved application configuration options to C:/Users/gamef/AppData/Local/FoundryVTT/Config/options.json","timestamp":"2025-10-18 22:08:34"}
{"level":"info","message":"Saved application configuration options to C:/Users/gamef/AppData/Local/FoundryVTT/Config/options.json","timestamp":"2025-10-18 22:08:47"}
{"level":"info","message":"Saved application configuration options to C:\\Users\\gamef\\AppData\\Local\\FoundryVTT\\Data\\systems\\foundry-pillar-system\\Data\\systems\\Config\\options.json","timestamp":"2025-10-18 22:08:47"}
{"level":"info","message":"Shutting down Foundry Virtual Tabletop server","timestamp":"2025-10-18 22:08:53"}
{"level":"info","message":"Shut-down success. Goodbye!","timestamp":"2025-10-18 22:08:53"}
